Using pre-set license
Built from '2021.3/staging' branch; Version is '2021.3.19f1 (c9714fde33b6) revision 13201743'; Using compiler version '192829333'; Build Type 'Release'
OS: 'Windows 10  (10.0.19045) 64bit Professional' Language: 'ko' Physical Memory: 16194 MB
BatchMode: 1, IsHumanControllingUs: 0, StartBugReporterOnCrash: 0, Is64bit: 1, IsPro: 1

COMMAND LINE ARGUMENTS:
C:\Program Files\Unity\Hub\Editor\2021.3.19f1\Editor\Unity.exe
-adb2
-batchMode
-noUpm
-name
AssetImportWorker1
-projectPath
C:/Users/SGA/Desktop/HAG/hag
-logFile
Logs/AssetImportWorker1.log
-srvPort
56305
Successfully changed project path to: C:/Users/SGA/Desktop/HAG/hag
C:/Users/SGA/Desktop/HAG/hag
[UnityMemory] Configuration Parameters - Can be set up in boot.config
    "memorysetup-bucket-allocator-granularity=16"
    "memorysetup-bucket-allocator-bucket-count=8"
    "memorysetup-bucket-allocator-block-size=33554432"
    "memorysetup-bucket-allocator-block-count=8"
    "memorysetup-main-allocator-block-size=16777216"
    "memorysetup-thread-allocator-block-size=16777216"
    "memorysetup-gfx-main-allocator-block-size=16777216"
    "memorysetup-gfx-thread-allocator-block-size=16777216"
    "memorysetup-cache-allocator-block-size=4194304"
    "memorysetup-typetree-allocator-block-size=2097152"
    "memorysetup-profiler-bucket-allocator-granularity=16"
    "memorysetup-profiler-bucket-allocator-bucket-count=8"
    "memorysetup-profiler-bucket-allocator-block-size=33554432"
    "memorysetup-profiler-bucket-allocator-block-count=8"
    "memorysetup-profiler-allocator-block-size=16777216"
    "memorysetup-profiler-editor-allocator-block-size=1048576"
    "memorysetup-temp-allocator-size-main=16777216"
    "memorysetup-job-temp-allocator-block-size=2097152"
    "memorysetup-job-temp-allocator-block-size-background=1048576"
    "memorysetup-job-temp-allocator-reduction-small-platforms=262144"
    "memorysetup-temp-allocator-size-background-worker=32768"
    "memorysetup-temp-allocator-size-job-worker=262144"
    "memorysetup-temp-allocator-size-preload-manager=33554432"
    "memorysetup-temp-allocator-size-nav-mesh-worker=65536"
    "memorysetup-temp-allocator-size-audio-worker=65536"
    "memorysetup-temp-allocator-size-cloud-worker=32768"
    "memorysetup-temp-allocator-size-gi-baking-worker=262144"
    "memorysetup-temp-allocator-size-gfx=262144"
Player connection [1996] Host "[IP] 192.168.0.192 [Port] 0 [Flags] 2 [Guid] 649969390 [EditorId] 649969390 [Version] 1048832 [Id] WindowsEditor(7,DESKTOP-HQKDT44) [Debug] 1 [PackageName] WindowsEditor [ProjectName] Editor" joined multi-casting on [225.0.0.222:54997]...

Player connection [1996] Host "[IP] 192.168.0.192 [Port] 0 [Flags] 2 [Guid] 649969390 [EditorId] 649969390 [Version] 1048832 [Id] WindowsEditor(7,DESKTOP-HQKDT44) [Debug] 1 [PackageName] WindowsEditor [ProjectName] Editor" joined alternative multi-casting on [225.0.0.222:34997]...

Refreshing native plugins compatible for Editor in 54.00 ms, found 3 plugins.
Preloading 0 native plugins for Editor in 0.00 ms.
Initialize engine version: 2021.3.19f1 (c9714fde33b6)
[Subsystems] Discovering subsystems at path C:/Program Files/Unity/Hub/Editor/2021.3.19f1/Editor/Data/Resources/UnitySubsystems
[Subsystems] Discovering subsystems at path C:/Users/SGA/Desktop/HAG/hag/Assets
GfxDevice: creating device client; threaded=0; jobified=0
Direct3D:
    Version:  Direct3D 11.0 [level 11.1]
    Renderer: NVIDIA GeForce GTX 1650 (ID=0x1f82)
    Vendor:   NVIDIA
    VRAM:     3949 MB
    Driver:   31.0.15.3118
Initialize mono
Mono path[0] = 'C:/Program Files/Unity/Hub/Editor/2021.3.19f1/Editor/Data/Managed'
Mono path[1] = 'C:/Program Files/Unity/Hub/Editor/2021.3.19f1/Editor/Data/MonoBleedingEdge/lib/mono/unityjit-win32'
Mono config path = 'C:/Program Files/Unity/Hub/Editor/2021.3.19f1/Editor/Data/MonoBleedingEdge/etc'
Using monoOptions --debugger-agent=transport=dt_socket,embedding=1,server=y,suspend=n,address=127.0.0.1:56180
Begin MonoManager ReloadAssembly
Registering precompiled unity dll's ...
Register platform support module: C:/Program Files/Unity/Hub/Editor/2021.3.19f1/Editor/Data/PlaybackEngines/AndroidPlayer/UnityEditor.Android.Extensions.dll
Register platform support module: C:/Program Files/Unity/Hub/Editor/2021.3.19f1/Editor/Data/PlaybackEngines/WindowsStandaloneSupport/UnityEditor.WindowsStandalone.Extensions.dll
Registered in 0.004095 seconds.
Native extension for WindowsStandalone target not found
Native extension for Android target not found
Android Extension - Scanning For ADB Devices 185 ms
Refreshing native plugins compatible for Editor in 53.88 ms, found 3 plugins.
Preloading 0 native plugins for Editor in 0.00 ms.
Mono: successfully reloaded assembly
- Completed reload, in  0.658 seconds
Domain Reload Profiling:
	ReloadAssembly (659ms)
		BeginReloadAssembly (53ms)
			ExecutionOrderSort (0ms)
			DisableScriptedObjects (0ms)
			BackupInstance (0ms)
			ReleaseScriptingObjects (0ms)
			CreateAndSetChildDomain (1ms)
		EndReloadAssembly (520ms)
			LoadAssemblies (52ms)
			RebuildTransferFunctionScriptingTraits (0ms)
			SetupTypeCache (74ms)
			ReleaseScriptCaches (0ms)
			RebuildScriptCaches (21ms)
			SetupLoadedEditorAssemblies (388ms)
				LogAssemblyErrors (0ms)
				InitializePlatformSupportModulesInManaged (234ms)
				SetLoadedEditorAssemblies (0ms)
				RefreshPlugins (54ms)
				BeforeProcessingInitializeOnLoad (1ms)
				ProcessInitializeOnLoadAttributes (62ms)
				ProcessInitializeOnLoadMethodAttributes (37ms)
				AfterProcessingInitializeOnLoad (0ms)
				EditorAssembliesLoaded (0ms)
			ExecutionOrderSort2 (0ms)
			AwakeInstancesAfterBackupRestoration (0ms)
Platform modules already initialized, skipping
Registering precompiled user dll's ...
Registered in 0.003228 seconds.
Begin MonoManager ReloadAssembly
Symbol file LoadedFromMemory doesn't match image C:\Users\SGA\Desktop\HAG\hag\Library\PackageCache\com.unity.visualscripting@1.8.0\Editor\VisualScripting.Core\Dependencies\YamlDotNet\Unity.VisualScripting.YamlDotNet.dll
Symbol file LoadedFromMemory doesn't match image C:\Users\SGA\Desktop\HAG\hag\Library\PackageCache\com.unity.visualscripting@1.8.0\Editor\VisualScripting.Core\Dependencies\DotNetZip\Unity.VisualScripting.IonicZip.dll
Native extension for WindowsStandalone target not found
Native extension for Android target not found
Refreshing native plugins compatible for Editor in 0.44 ms, found 3 plugins.
Preloading 0 native plugins for Editor in 0.00 ms.
Mono: successfully reloaded assembly
- Completed reload, in  0.976 seconds
Domain Reload Profiling:
	ReloadAssembly (976ms)
		BeginReloadAssembly (92ms)
			ExecutionOrderSort (0ms)
			DisableScriptedObjects (4ms)
			BackupInstance (0ms)
			ReleaseScriptingObjects (0ms)
			CreateAndSetChildDomain (20ms)
		EndReloadAssembly (786ms)
			LoadAssemblies (58ms)
			RebuildTransferFunctionScriptingTraits (0ms)
			SetupTypeCache (367ms)
			ReleaseScriptCaches (0ms)
			RebuildScriptCaches (41ms)
			SetupLoadedEditorAssemblies (283ms)
				LogAssemblyErrors (0ms)
				InitializePlatformSupportModulesInManaged (15ms)
				SetLoadedEditorAssemblies (0ms)
				RefreshPlugins (0ms)
				BeforeProcessingInitializeOnLoad (66ms)
				ProcessInitializeOnLoadAttributes (176ms)
				ProcessInitializeOnLoadMethodAttributes (20ms)
				AfterProcessingInitializeOnLoad (5ms)
				EditorAssembliesLoaded (0ms)
			ExecutionOrderSort2 (0ms)
			AwakeInstancesAfterBackupRestoration (4ms)
Platform modules already initialized, skipping
========================================================================
Worker process is ready to serve import requests
Launched and connected shader compiler UnityShaderCompiler.exe after 0.03 seconds
Refreshing native plugins compatible for Editor in 0.48 ms, found 3 plugins.
Preloading 0 native plugins for Editor in 0.00 ms.
Unloading 3123 Unused Serialized files (Serialized files now loaded: 0)
Unloading 24 unused Assets / (113.5 KB). Loaded Objects now: 3590.
Memory consumption went from 116.2 MB to 116.1 MB.
Total: 2.262500 ms (FindLiveObjects: 0.179400 ms CreateObjectMapping: 0.077200 ms MarkObjects: 1.912300 ms  DeleteObjects: 0.092400 ms)

AssetImportParameters requested are different than current active one (requested -> active):
  custom:video-decoder-ogg-theora: a1e56fd34408186e4bbccfd4996cb3dc -> 
  custom:container-muxer-webm: aa71ff27fc2769a1b78a27578f13a17b -> 
  custom:container-demuxer-webm: 4f35f7cbe854078d1ac9338744f61a02 -> 
  custom:video-encoder-webm-vp8: eb34c28f22e8b96e1ab97ce403110664 -> 
  custom:audio-encoder-webm-vorbis: bf7c407c2cedff20999df2af8eb42d56 -> 
  custom:framework-win-MediaFoundation: 216162199b28c13a410421893ffa2e32 -> 
  custom:container-demuxer-ogg: 62fdf1f143b41e24485cea50d1cbac27 -> 
  custom:video-decoder-webm-vp8: 9c59270c3fd7afecdb556c50c9e8de78 -> 
  custom:audio-decoder-ogg-vorbis: bf7c407c2cedff20999df2af8eb42d56 -> 
========================================================================
Received Import Request.
  Time since last request: 511.184196 seconds.
  path: Assets/PlayerController.cs
  artifactKey: Guid(6a97d455d698d4b4db9b13ecae700222) Importer(815301076,1909f56bfc062723c751e8b465ee728b)
Start importing Assets/PlayerController.cs using Guid(6a97d455d698d4b4db9b13ecae700222) Importer(815301076,1909f56bfc062723c751e8b465ee728b)  -> (artifact id: 'e2b18833ef0d64bf4cc49ebc2ae0f10e') in 0.022683 seconds 
========================================================================
Received Prepare
Registering precompiled user dll's ...
Registered in 0.002607 seconds.
Begin MonoManager ReloadAssembly
Symbol file LoadedFromMemory doesn't match image C:\Users\SGA\Desktop\HAG\hag\Library\PackageCache\com.unity.visualscripting@1.8.0\Editor\VisualScripting.Core\Dependencies\YamlDotNet\Unity.VisualScripting.YamlDotNet.dll
Symbol file LoadedFromMemory doesn't match image C:\Users\SGA\Desktop\HAG\hag\Library\PackageCache\com.unity.visualscripting@1.8.0\Editor\VisualScripting.Core\Dependencies\DotNetZip\Unity.VisualScripting.IonicZip.dll
Native extension for WindowsStandalone target not found
Native extension for Android target not found
Refreshing native plugins compatible for Editor in 0.42 ms, found 3 plugins.
Preloading 0 native plugins for Editor in 0.00 ms.
Mono: successfully reloaded assembly
- Completed reload, in  0.672 seconds
Domain Reload Profiling:
	ReloadAssembly (672ms)
		BeginReloadAssembly (106ms)
			ExecutionOrderSort (0ms)
			DisableScriptedObjects (6ms)
			BackupInstance (0ms)
			ReleaseScriptingObjects (0ms)
			CreateAndSetChildDomain (29ms)
		EndReloadAssembly (495ms)
			LoadAssemblies (56ms)
			RebuildTransferFunctionScriptingTraits (0ms)
			SetupTypeCache (173ms)
			ReleaseScriptCaches (1ms)
			RebuildScriptCaches (26ms)
			SetupLoadedEditorAssemblies (213ms)
				LogAssemblyErrors (0ms)
				InitializePlatformSupportModulesInManaged (18ms)
				SetLoadedEditorAssemblies (0ms)
				RefreshPlugins (0ms)
				BeforeProcessingInitializeOnLoad (42ms)
				ProcessInitializeOnLoadAttributes (135ms)
				ProcessInitializeOnLoadMethodAttributes (13ms)
				AfterProcessingInitializeOnLoad (4ms)
				EditorAssembliesLoaded (0ms)
			ExecutionOrderSort2 (0ms)
			AwakeInstancesAfterBackupRestoration (4ms)
Platform modules already initialized, skipping
Refreshing native plugins compatible for Editor in 1.12 ms, found 3 plugins.
Preloading 0 native plugins for Editor in 0.00 ms.
Unloading 3111 Unused Serialized files (Serialized files now loaded: 0)
Unloading 17 unused Assets / (79.8 KB). Loaded Objects now: 3593.
Memory consumption went from 115.3 MB to 115.2 MB.
Total: 1.965300 ms (FindLiveObjects: 0.156300 ms CreateObjectMapping: 0.072100 ms MarkObjects: 1.665600 ms  DeleteObjects: 0.070000 ms)

AssetImportParameters requested are different than current active one (requested -> active):
  custom:video-decoder-ogg-theora: a1e56fd34408186e4bbccfd4996cb3dc -> 
  custom:container-muxer-webm: aa71ff27fc2769a1b78a27578f13a17b -> 
  custom:container-demuxer-webm: 4f35f7cbe854078d1ac9338744f61a02 -> 
  custom:video-encoder-webm-vp8: eb34c28f22e8b96e1ab97ce403110664 -> 
  custom:audio-encoder-webm-vorbis: bf7c407c2cedff20999df2af8eb42d56 -> 
  custom:framework-win-MediaFoundation: 216162199b28c13a410421893ffa2e32 -> 
  custom:container-demuxer-ogg: 62fdf1f143b41e24485cea50d1cbac27 -> 
  custom:video-decoder-webm-vp8: 9c59270c3fd7afecdb556c50c9e8de78 -> 
  custom:audio-decoder-ogg-vorbis: bf7c407c2cedff20999df2af8eb42d56 -> 
========================================================================
Received Prepare
Registering precompiled user dll's ...
Registered in 0.002623 seconds.
Begin MonoManager ReloadAssembly
Symbol file LoadedFromMemory doesn't match image C:\Users\SGA\Desktop\HAG\hag\Library\PackageCache\com.unity.visualscripting@1.8.0\Editor\VisualScripting.Core\Dependencies\YamlDotNet\Unity.VisualScripting.YamlDotNet.dll
Symbol file LoadedFromMemory doesn't match image C:\Users\SGA\Desktop\HAG\hag\Library\PackageCache\com.unity.visualscripting@1.8.0\Editor\VisualScripting.Core\Dependencies\DotNetZip\Unity.VisualScripting.IonicZip.dll
Native extension for WindowsStandalone target not found
Native extension for Android target not found
Refreshing native plugins compatible for Editor in 0.41 ms, found 3 plugins.
Preloading 0 native plugins for Editor in 0.00 ms.
Mono: successfully reloaded assembly
- Completed reload, in  0.655 seconds
Domain Reload Profiling:
	ReloadAssembly (655ms)
		BeginReloadAssembly (95ms)
			ExecutionOrderSort (0ms)
			DisableScriptedObjects (4ms)
			BackupInstance (0ms)
			ReleaseScriptingObjects (0ms)
			CreateAndSetChildDomain (24ms)
		EndReloadAssembly (493ms)
			LoadAssemblies (57ms)
			RebuildTransferFunctionScriptingTraits (0ms)
			SetupTypeCache (176ms)
			ReleaseScriptCaches (1ms)
			RebuildScriptCaches (26ms)
			SetupLoadedEditorAssemblies (204ms)
				LogAssemblyErrors (0ms)
				InitializePlatformSupportModulesInManaged (17ms)
				SetLoadedEditorAssemblies (0ms)
				RefreshPlugins (0ms)
				BeforeProcessingInitializeOnLoad (41ms)
				ProcessInitializeOnLoadAttributes (127ms)
				ProcessInitializeOnLoadMethodAttributes (13ms)
				AfterProcessingInitializeOnLoad (5ms)
				EditorAssembliesLoaded (0ms)
			ExecutionOrderSort2 (0ms)
			AwakeInstancesAfterBackupRestoration (5ms)
Platform modules already initialized, skipping
Refreshing native plugins compatible for Editor in 1.07 ms, found 3 plugins.
Preloading 0 native plugins for Editor in 0.00 ms.
Unloading 3111 Unused Serialized files (Serialized files now loaded: 0)
Unloading 17 unused Assets / (79.8 KB). Loaded Objects now: 3596.
Memory consumption went from 115.3 MB to 115.2 MB.
Total: 1.946700 ms (FindLiveObjects: 0.168800 ms CreateObjectMapping: 0.072400 ms MarkObjects: 1.637800 ms  DeleteObjects: 0.067000 ms)

AssetImportParameters requested are different than current active one (requested -> active):
  custom:video-decoder-ogg-theora: a1e56fd34408186e4bbccfd4996cb3dc -> 
  custom:container-muxer-webm: aa71ff27fc2769a1b78a27578f13a17b -> 
  custom:container-demuxer-webm: 4f35f7cbe854078d1ac9338744f61a02 -> 
  custom:video-encoder-webm-vp8: eb34c28f22e8b96e1ab97ce403110664 -> 
  custom:audio-encoder-webm-vorbis: bf7c407c2cedff20999df2af8eb42d56 -> 
  custom:framework-win-MediaFoundation: 216162199b28c13a410421893ffa2e32 -> 
  custom:container-demuxer-ogg: 62fdf1f143b41e24485cea50d1cbac27 -> 
  custom:video-decoder-webm-vp8: 9c59270c3fd7afecdb556c50c9e8de78 -> 
  custom:audio-decoder-ogg-vorbis: bf7c407c2cedff20999df2af8eb42d56 -> 
========================================================================
Received Prepare
Registering precompiled user dll's ...
Registered in 0.002652 seconds.
Begin MonoManager ReloadAssembly
Symbol file LoadedFromMemory doesn't match image C:\Users\SGA\Desktop\HAG\hag\Library\PackageCache\com.unity.visualscripting@1.8.0\Editor\VisualScripting.Core\Dependencies\YamlDotNet\Unity.VisualScripting.YamlDotNet.dll
Symbol file LoadedFromMemory doesn't match image C:\Users\SGA\Desktop\HAG\hag\Library\PackageCache\com.unity.visualscripting@1.8.0\Editor\VisualScripting.Core\Dependencies\DotNetZip\Unity.VisualScripting.IonicZip.dll
Native extension for WindowsStandalone target not found
Native extension for Android target not found
Refreshing native plugins compatible for Editor in 0.51 ms, found 3 plugins.
Preloading 0 native plugins for Editor in 0.00 ms.
Mono: successfully reloaded assembly
- Completed reload, in  0.726 seconds
Domain Reload Profiling:
	ReloadAssembly (726ms)
		BeginReloadAssembly (98ms)
			ExecutionOrderSort (0ms)
			DisableScriptedObjects (6ms)
			BackupInstance (0ms)
			ReleaseScriptingObjects (0ms)
			CreateAndSetChildDomain (24ms)
		EndReloadAssembly (561ms)
			LoadAssemblies (54ms)
			RebuildTransferFunctionScriptingTraits (0ms)
			SetupTypeCache (194ms)
			ReleaseScriptCaches (1ms)
			RebuildScriptCaches (30ms)
			SetupLoadedEditorAssemblies (241ms)
				LogAssemblyErrors (0ms)
				InitializePlatformSupportModulesInManaged (24ms)
				SetLoadedEditorAssemblies (0ms)
				RefreshPlugins (1ms)
				BeforeProcessingInitializeOnLoad (51ms)
				ProcessInitializeOnLoadAttributes (146ms)
				ProcessInitializeOnLoadMethodAttributes (14ms)
				AfterProcessingInitializeOnLoad (4ms)
				EditorAssembliesLoaded (0ms)
			ExecutionOrderSort2 (0ms)
			AwakeInstancesAfterBackupRestoration (4ms)
Platform modules already initialized, skipping
Refreshing native plugins compatible for Editor in 1.05 ms, found 3 plugins.
Preloading 0 native plugins for Editor in 0.00 ms.
Unloading 3111 Unused Serialized files (Serialized files now loaded: 0)
Unloading 17 unused Assets / (79.7 KB). Loaded Objects now: 3599.
Memory consumption went from 115.3 MB to 115.2 MB.
Total: 1.899600 ms (FindLiveObjects: 0.153900 ms CreateObjectMapping: 0.068400 ms MarkObjects: 1.612000 ms  DeleteObjects: 0.064500 ms)

AssetImportParameters requested are different than current active one (requested -> active):
  custom:video-decoder-ogg-theora: a1e56fd34408186e4bbccfd4996cb3dc -> 
  custom:container-muxer-webm: aa71ff27fc2769a1b78a27578f13a17b -> 
  custom:container-demuxer-webm: 4f35f7cbe854078d1ac9338744f61a02 -> 
  custom:video-encoder-webm-vp8: eb34c28f22e8b96e1ab97ce403110664 -> 
  custom:audio-encoder-webm-vorbis: bf7c407c2cedff20999df2af8eb42d56 -> 
  custom:framework-win-MediaFoundation: 216162199b28c13a410421893ffa2e32 -> 
  custom:container-demuxer-ogg: 62fdf1f143b41e24485cea50d1cbac27 -> 
  custom:video-decoder-webm-vp8: 9c59270c3fd7afecdb556c50c9e8de78 -> 
  custom:audio-decoder-ogg-vorbis: bf7c407c2cedff20999df2af8eb42d56 -> 
========================================================================
Received Prepare
Registering precompiled user dll's ...
Registered in 0.002890 seconds.
Begin MonoManager ReloadAssembly
Symbol file LoadedFromMemory doesn't match image C:\Users\SGA\Desktop\HAG\hag\Library\PackageCache\com.unity.visualscripting@1.8.0\Editor\VisualScripting.Core\Dependencies\YamlDotNet\Unity.VisualScripting.YamlDotNet.dll
Symbol file LoadedFromMemory doesn't match image C:\Users\SGA\Desktop\HAG\hag\Library\PackageCache\com.unity.visualscripting@1.8.0\Editor\VisualScripting.Core\Dependencies\DotNetZip\Unity.VisualScripting.IonicZip.dll
Native extension for WindowsStandalone target not found
Native extension for Android target not found
Refreshing native plugins compatible for Editor in 0.50 ms, found 3 plugins.
Preloading 0 native plugins for Editor in 0.00 ms.
Mono: successfully reloaded assembly
- Completed reload, in  0.805 seconds
Domain Reload Profiling:
	ReloadAssembly (805ms)
		BeginReloadAssembly (99ms)
			ExecutionOrderSort (0ms)
			DisableScriptedObjects (4ms)
			BackupInstance (0ms)
			ReleaseScriptingObjects (0ms)
			CreateAndSetChildDomain (30ms)
		EndReloadAssembly (638ms)
			LoadAssemblies (54ms)
			RebuildTransferFunctionScriptingTraits (0ms)
			SetupTypeCache (189ms)
			ReleaseScriptCaches (1ms)
			RebuildScriptCaches (28ms)
			SetupLoadedEditorAssemblies (301ms)
				LogAssemblyErrors (0ms)
				InitializePlatformSupportModulesInManaged (23ms)
				SetLoadedEditorAssemblies (0ms)
				RefreshPlugins (1ms)
				BeforeProcessingInitializeOnLoad (57ms)
				ProcessInitializeOnLoadAttributes (201ms)
				ProcessInitializeOnLoadMethodAttributes (15ms)
				AfterProcessingInitializeOnLoad (4ms)
				EditorAssembliesLoaded (0ms)
			ExecutionOrderSort2 (0ms)
			AwakeInstancesAfterBackupRestoration (4ms)
Platform modules already initialized, skipping
Refreshing native plugins compatible for Editor in 1.06 ms, found 3 plugins.
Preloading 0 native plugins for Editor in 0.00 ms.
Unloading 3111 Unused Serialized files (Serialized files now loaded: 0)
Unloading 17 unused Assets / (79.7 KB). Loaded Objects now: 3602.
Memory consumption went from 115.3 MB to 115.2 MB.
Total: 1.942800 ms (FindLiveObjects: 0.162800 ms CreateObjectMapping: 0.075000 ms MarkObjects: 1.635700 ms  DeleteObjects: 0.068400 ms)

AssetImportParameters requested are different than current active one (requested -> active):
  custom:video-decoder-ogg-theora: a1e56fd34408186e4bbccfd4996cb3dc -> 
  custom:container-muxer-webm: aa71ff27fc2769a1b78a27578f13a17b -> 
  custom:container-demuxer-webm: 4f35f7cbe854078d1ac9338744f61a02 -> 
  custom:video-encoder-webm-vp8: eb34c28f22e8b96e1ab97ce403110664 -> 
  custom:audio-encoder-webm-vorbis: bf7c407c2cedff20999df2af8eb42d56 -> 
  custom:framework-win-MediaFoundation: 216162199b28c13a410421893ffa2e32 -> 
  custom:container-demuxer-ogg: 62fdf1f143b41e24485cea50d1cbac27 -> 
  custom:video-decoder-webm-vp8: 9c59270c3fd7afecdb556c50c9e8de78 -> 
  custom:audio-decoder-ogg-vorbis: bf7c407c2cedff20999df2af8eb42d56 -> 
========================================================================
Received Prepare
Registering precompiled user dll's ...
Registered in 0.002778 seconds.
Begin MonoManager ReloadAssembly
Symbol file LoadedFromMemory doesn't match image C:\Users\SGA\Desktop\HAG\hag\Library\PackageCache\com.unity.visualscripting@1.8.0\Editor\VisualScripting.Core\Dependencies\YamlDotNet\Unity.VisualScripting.YamlDotNet.dll
Symbol file LoadedFromMemory doesn't match image C:\Users\SGA\Desktop\HAG\hag\Library\PackageCache\com.unity.visualscripting@1.8.0\Editor\VisualScripting.Core\Dependencies\DotNetZip\Unity.VisualScripting.IonicZip.dll
Native extension for WindowsStandalone target not found
Native extension for Android target not found
Refreshing native plugins compatible for Editor in 0.45 ms, found 3 plugins.
Preloading 0 native plugins for Editor in 0.00 ms.
Mono: successfully reloaded assembly
- Completed reload, in  0.634 seconds
Domain Reload Profiling:
	ReloadAssembly (634ms)
		BeginReloadAssembly (97ms)
			ExecutionOrderSort (0ms)
			DisableScriptedObjects (4ms)
			BackupInstance (0ms)
			ReleaseScriptingObjects (0ms)
			CreateAndSetChildDomain (28ms)
		EndReloadAssembly (471ms)
			LoadAssemblies (52ms)
			RebuildTransferFunctionScriptingTraits (0ms)
			SetupTypeCache (165ms)
			ReleaseScriptCaches (1ms)
			RebuildScriptCaches (25ms)
			SetupLoadedEditorAssemblies (198ms)
				LogAssemblyErrors (0ms)
				InitializePlatformSupportModulesInManaged (17ms)
				SetLoadedEditorAssemblies (0ms)
				RefreshPlugins (0ms)
				BeforeProcessingInitializeOnLoad (40ms)
				ProcessInitializeOnLoadAttributes (123ms)
				ProcessInitializeOnLoadMethodAttributes (13ms)
				AfterProcessingInitializeOnLoad (4ms)
				EditorAssembliesLoaded (0ms)
			ExecutionOrderSort2 (0ms)
			AwakeInstancesAfterBackupRestoration (4ms)
Platform modules already initialized, skipping
Refreshing native plugins compatible for Editor in 1.02 ms, found 3 plugins.
Preloading 0 native plugins for Editor in 0.00 ms.
Unloading 3111 Unused Serialized files (Serialized files now loaded: 0)
Unloading 17 unused Assets / (79.7 KB). Loaded Objects now: 3605.
Memory consumption went from 115.3 MB to 115.2 MB.
Total: 1.920000 ms (FindLiveObjects: 0.152700 ms CreateObjectMapping: 0.068100 ms MarkObjects: 1.632900 ms  DeleteObjects: 0.065300 ms)

AssetImportParameters requested are different than current active one (requested -> active):
  custom:video-decoder-ogg-theora: a1e56fd34408186e4bbccfd4996cb3dc -> 
  custom:container-muxer-webm: aa71ff27fc2769a1b78a27578f13a17b -> 
  custom:container-demuxer-webm: 4f35f7cbe854078d1ac9338744f61a02 -> 
  custom:video-encoder-webm-vp8: eb34c28f22e8b96e1ab97ce403110664 -> 
  custom:audio-encoder-webm-vorbis: bf7c407c2cedff20999df2af8eb42d56 -> 
  custom:framework-win-MediaFoundation: 216162199b28c13a410421893ffa2e32 -> 
  custom:container-demuxer-ogg: 62fdf1f143b41e24485cea50d1cbac27 -> 
  custom:video-decoder-webm-vp8: 9c59270c3fd7afecdb556c50c9e8de78 -> 
  custom:audio-decoder-ogg-vorbis: bf7c407c2cedff20999df2af8eb42d56 -> 
========================================================================
Received Prepare
Registering precompiled user dll's ...
Registered in 0.002662 seconds.
Begin MonoManager ReloadAssembly
Symbol file LoadedFromMemory doesn't match image C:\Users\SGA\Desktop\HAG\hag\Library\PackageCache\com.unity.visualscripting@1.8.0\Editor\VisualScripting.Core\Dependencies\YamlDotNet\Unity.VisualScripting.YamlDotNet.dll
Symbol file LoadedFromMemory doesn't match image C:\Users\SGA\Desktop\HAG\hag\Library\PackageCache\com.unity.visualscripting@1.8.0\Editor\VisualScripting.Core\Dependencies\DotNetZip\Unity.VisualScripting.IonicZip.dll
Native extension for WindowsStandalone target not found
Native extension for Android target not found
Refreshing native plugins compatible for Editor in 0.43 ms, found 3 plugins.
Preloading 0 native plugins for Editor in 0.00 ms.
Mono: successfully reloaded assembly
- Completed reload, in  0.734 seconds
Domain Reload Profiling:
	ReloadAssembly (734ms)
		BeginReloadAssembly (118ms)
			ExecutionOrderSort (0ms)
			DisableScriptedObjects (4ms)
			BackupInstance (0ms)
			ReleaseScriptingObjects (0ms)
			CreateAndSetChildDomain (29ms)
		EndReloadAssembly (538ms)
			LoadAssemblies (73ms)
			RebuildTransferFunctionScriptingTraits (0ms)
			SetupTypeCache (173ms)
			ReleaseScriptCaches (1ms)
			RebuildScriptCaches (25ms)
			SetupLoadedEditorAssemblies (257ms)
				LogAssemblyErrors (0ms)
				InitializePlatformSupportModulesInManaged (18ms)
				SetLoadedEditorAssemblies (0ms)
				RefreshPlugins (0ms)
				BeforeProcessingInitializeOnLoad (43ms)
				ProcessInitializeOnLoadAttributes (178ms)
				ProcessInitializeOnLoadMethodAttributes (13ms)
				AfterProcessingInitializeOnLoad (4ms)
				EditorAssembliesLoaded (0ms)
			ExecutionOrderSort2 (0ms)
			AwakeInstancesAfterBackupRestoration (4ms)
Platform modules already initialized, skipping
Refreshing native plugins compatible for Editor in 1.15 ms, found 3 plugins.
Preloading 0 native plugins for Editor in 0.00 ms.
Unloading 3111 Unused Serialized files (Serialized files now loaded: 0)
Unloading 17 unused Assets / (79.8 KB). Loaded Objects now: 3608.
Memory consumption went from 115.3 MB to 115.2 MB.
Total: 1.932600 ms (FindLiveObjects: 0.159500 ms CreateObjectMapping: 0.068800 ms MarkObjects: 1.648600 ms  DeleteObjects: 0.055000 ms)

AssetImportParameters requested are different than current active one (requested -> active):
  custom:video-decoder-ogg-theora: a1e56fd34408186e4bbccfd4996cb3dc -> 
  custom:container-muxer-webm: aa71ff27fc2769a1b78a27578f13a17b -> 
  custom:container-demuxer-webm: 4f35f7cbe854078d1ac9338744f61a02 -> 
  custom:video-encoder-webm-vp8: eb34c28f22e8b96e1ab97ce403110664 -> 
  custom:audio-encoder-webm-vorbis: bf7c407c2cedff20999df2af8eb42d56 -> 
  custom:framework-win-MediaFoundation: 216162199b28c13a410421893ffa2e32 -> 
  custom:container-demuxer-ogg: 62fdf1f143b41e24485cea50d1cbac27 -> 
  custom:video-decoder-webm-vp8: 9c59270c3fd7afecdb556c50c9e8de78 -> 
  custom:audio-decoder-ogg-vorbis: bf7c407c2cedff20999df2af8eb42d56 -> 
========================================================================
Received Import Request.
  Time since last request: 1442.675220 seconds.
  path: Assets/99 Resource/JMO Assets/Welcome Screen/CFXR_WelcomeScreen.uss
  artifactKey: Guid(f8b971f10a610844f968f582415df874) Importer(815301076,1909f56bfc062723c751e8b465ee728b)
Start importing Assets/99 Resource/JMO Assets/Welcome Screen/CFXR_WelcomeScreen.uss using Guid(f8b971f10a610844f968f582415df874) Importer(815301076,1909f56bfc062723c751e8b465ee728b)  -> (artifact id: 'd809e2ee5ac1237943b7d3729df4befd') in 0.032397 seconds 
========================================================================
Received Import Request.
  Time since last request: 0.000021 seconds.
  path: Assets/99 Resource/JMO Assets/Welcome Screen/CFXR_WelcomeScreen.uxml
  artifactKey: Guid(bfd03f272fe010b4ba558a3bc456ffeb) Importer(815301076,1909f56bfc062723c751e8b465ee728b)
Start importing Assets/99 Resource/JMO Assets/Welcome Screen/CFXR_WelcomeScreen.uxml using Guid(bfd03f272fe010b4ba558a3bc456ffeb) Importer(815301076,1909f56bfc062723c751e8b465ee728b)  -> (artifact id: 'cfefba7acb0b9df3942fd0f3975ffcf4') in 0.005179 seconds 
========================================================================
Received Import Request.
  Time since last request: 6.916240 seconds.
  path: Assets/99 Resource/JMO Assets/Cartoon FX (legacy)/Textures/CFX2_T_Blood_AB.tga
  artifactKey: Guid(9c8240b5c6ffd404dadb82f7b6f2cbe6) Importer(815301076,1909f56bfc062723c751e8b465ee728b)
Start importing Assets/99 Resource/JMO Assets/Cartoon FX (legacy)/Textures/CFX2_T_Blood_AB.tga using Guid(9c8240b5c6ffd404dadb82f7b6f2cbe6) Importer(815301076,1909f56bfc062723c751e8b465ee728b)  -> (artifact id: 'e60f03c0586afd4e5b7092f07770b460') in 0.051865 seconds 
========================================================================
Received Import Request.
  Time since last request: 0.000021 seconds.
  path: Assets/99 Resource/JMO Assets/Cartoon FX (legacy)/Textures/CFX2_T_SmallRocks_4Frames.tga
  artifactKey: Guid(9648024bd8fe4834e8a465c7222510fa) Importer(815301076,1909f56bfc062723c751e8b465ee728b)
Start importing Assets/99 Resource/JMO Assets/Cartoon FX (legacy)/Textures/CFX2_T_SmallRocks_4Frames.tga using Guid(9648024bd8fe4834e8a465c7222510fa) Importer(815301076,1909f56bfc062723c751e8b465ee728b)  -> (artifact id: 'e18e2a74ad935e2c438088dfabad4b60') in 0.014661 seconds 
========================================================================
Received Import Request.
  Time since last request: 0.000019 seconds.
  path: Assets/99 Resource/JMO Assets/Cartoon FX (legacy)/Textures/CFX2_T_Glow.png
  artifactKey: Guid(e387f662afce60c4cbf4689043469d34) Importer(815301076,1909f56bfc062723c751e8b465ee728b)
Start importing Assets/99 Resource/JMO Assets/Cartoon FX (legacy)/Textures/CFX2_T_Glow.png using Guid(e387f662afce60c4cbf4689043469d34) Importer(815301076,1909f56bfc062723c751e8b465ee728b)  -> (artifact id: '0fe84eafd39e0f5a361605bb9a563760') in 0.030682 seconds 
========================================================================
Received Import Request.
  Time since last request: 0.000024 seconds.
  path: Assets/99 Resource/JMO Assets/Cartoon FX (legacy)/Textures/CFX2_T_ShinyStar.png
  artifactKey: Guid(e11a46337d7c55c42b0a2df4ae4ce720) Importer(815301076,1909f56bfc062723c751e8b465ee728b)
Start importing Assets/99 Resource/JMO Assets/Cartoon FX (legacy)/Textures/CFX2_T_ShinyStar.png using Guid(e11a46337d7c55c42b0a2df4ae4ce720) Importer(815301076,1909f56bfc062723c751e8b465ee728b)  -> (artifact id: '24612d4e523a68719e2d6fc18578fbb8') in 0.017726 seconds 
========================================================================
Received Import Request.
  Time since last request: 0.000018 seconds.
  path: Assets/99 Resource/JMO Assets/Cartoon FX (legacy)/Textures/CFX3_T_AuraRays.png
  artifactKey: Guid(7bb9dadd2444bf3439822eed5645b2a0) Importer(815301076,1909f56bfc062723c751e8b465ee728b)
Start importing Assets/99 Resource/JMO Assets/Cartoon FX (legacy)/Textures/CFX3_T_AuraRays.png using Guid(7bb9dadd2444bf3439822eed5645b2a0) Importer(815301076,1909f56bfc062723c751e8b465ee728b)  -> (artifact id: '509f5b265daf9527a7319c4dbb52c8bc') in 0.012897 seconds 
========================================================================
Received Import Request.
  Time since last request: 0.000019 seconds.
  path: Assets/99 Resource/JMO Assets/Cartoon FX (legacy)/Textures/CFX2_T_Wood.tga
  artifactKey: Guid(1b6f6b4520da0a54dbbf54076ba6fb9f) Importer(815301076,1909f56bfc062723c751e8b465ee728b)
Start importing Assets/99 Resource/JMO Assets/Cartoon FX (legacy)/Textures/CFX2_T_Wood.tga using Guid(1b6f6b4520da0a54dbbf54076ba6fb9f) Importer(815301076,1909f56bfc062723c751e8b465ee728b)  -> (artifact id: 'e234aabb013c00191fde014145f21191') in 0.014850 seconds 
========================================================================
Received Import Request.
  Time since last request: 0.000022 seconds.
  path: Assets/99 Resource/JMO Assets/Cartoon FX (legacy)/Textures/CFX2_T_Heart.png
  artifactKey: Guid(025d69190a4ac0844aba79123c911853) Importer(815301076,1909f56bfc062723c751e8b465ee728b)
Start importing Assets/99 Resource/JMO Assets/Cartoon FX (legacy)/Textures/CFX2_T_Heart.png using Guid(025d69190a4ac0844aba79123c911853) Importer(815301076,1909f56bfc062723c751e8b465ee728b)  -> (artifact id: '1590d3e0da9bceafbf2288591ce20e0e') in 0.014003 seconds 
========================================================================
Received Import Request.
  Time since last request: 0.000035 seconds.
  path: Assets/99 Resource/JMO Assets/Cartoon FX (legacy)/Textures/CFX2_T_FadedRay.png
  artifactKey: Guid(03825a665aa62554eb3e92e2ab6c4b12) Importer(815301076,1909f56bfc062723c751e8b465ee728b)
Start importing Assets/99 Resource/JMO Assets/Cartoon FX (legacy)/Textures/CFX2_T_FadedRay.png using Guid(03825a665aa62554eb3e92e2ab6c4b12) Importer(815301076,1909f56bfc062723c751e8b465ee728b)  -> (artifact id: '01bd6d984a96d03d432ec392b7b3ca7c') in 0.014520 seconds 
========================================================================
Received Import Request.
  Time since last request: 0.000014 seconds.
  path: Assets/99 Resource/JMO Assets/Cartoon FX (legacy)/Textures/CFX2_T_HeartOutline.png
  artifactKey: Guid(03e95ca11ee78cd4482680e2c4ec46f1) Importer(815301076,1909f56bfc062723c751e8b465ee728b)
Start importing Assets/99 Resource/JMO Assets/Cartoon FX (legacy)/Textures/CFX2_T_HeartOutline.png using Guid(03e95ca11ee78cd4482680e2c4ec46f1) Importer(815301076,1909f56bfc062723c751e8b465ee728b)  -> (artifact id: 'c746dd98569ce95477a827ed3a584d38') in 0.013655 seconds 
========================================================================
Received Import Request.
  Time since last request: 0.000018 seconds.
  path: Assets/99 Resource/JMO Assets/Cartoon FX (legacy)/Textures/CFX3_T_AuraRunic.png
  artifactKey: Guid(d14d0e475cccac4459575f61f2a79a70) Importer(815301076,1909f56bfc062723c751e8b465ee728b)
Start importing Assets/99 Resource/JMO Assets/Cartoon FX (legacy)/Textures/CFX3_T_AuraRunic.png using Guid(d14d0e475cccac4459575f61f2a79a70) Importer(815301076,1909f56bfc062723c751e8b465ee728b)  -> (artifact id: '4b52efb2c3323b82806e7c5543cc4f4f') in 0.016827 seconds 
========================================================================
Received Import Request.
  Time since last request: 0.000025 seconds.
  path: Assets/99 Resource/JMO Assets/Cartoon FX (legacy)/Textures/CFX2_T_GlowSoft.png
  artifactKey: Guid(8a75e78ce03d6bf4aa7ab9b759c2ca32) Importer(815301076,1909f56bfc062723c751e8b465ee728b)
Start importing Assets/99 Resource/JMO Assets/Cartoon FX (legacy)/Textures/CFX2_T_GlowSoft.png using Guid(8a75e78ce03d6bf4aa7ab9b759c2ca32) Importer(815301076,1909f56bfc062723c751e8b465ee728b)  -> (artifact id: '956010cc77cd056d5d8ff57e1d6366c7') in 0.016164 seconds 
========================================================================
Received Import Request.
  Time since last request: 0.000026 seconds.
  path: Assets/99 Resource/JMO Assets/Cartoon FX (legacy)/Textures/CFX2_T_Smiley Happy Outline.png
  artifactKey: Guid(8b5cfdfaadd8a244c854bac174bd9120) Importer(815301076,1909f56bfc062723c751e8b465ee728b)
Start importing Assets/99 Resource/JMO Assets/Cartoon FX (legacy)/Textures/CFX2_T_Smiley Happy Outline.png using Guid(8b5cfdfaadd8a244c854bac174bd9120) Importer(815301076,1909f56bfc062723c751e8b465ee728b)  -> (artifact id: '432bc03759eea3deb5818123b03cbd3a') in 0.019435 seconds 
========================================================================
Received Import Request.
  Time since last request: 0.000029 seconds.
  path: Assets/99 Resource/JMO Assets/Cartoon FX (legacy)/Textures/CFX2_T_HeartBroken_2Frames.png
  artifactKey: Guid(fc30dedb4b1539a459c3601dc98f4b47) Importer(815301076,1909f56bfc062723c751e8b465ee728b)
Start importing Assets/99 Resource/JMO Assets/Cartoon FX (legacy)/Textures/CFX2_T_HeartBroken_2Frames.png using Guid(fc30dedb4b1539a459c3601dc98f4b47) Importer(815301076,1909f56bfc062723c751e8b465ee728b)  -> (artifact id: '6f1b3b325deb4172493a955574b20ba3') in 0.021181 seconds 
========================================================================
Received Import Request.
  Time since last request: 3.227629 seconds.
  path: Assets/99 Resource/JMO Assets/Cartoon FX (legacy)/Textures/CFX3_T_GlowStar.png
  artifactKey: Guid(91d3d754c3f2ed742b805399cbbbe0e9) Importer(815301076,1909f56bfc062723c751e8b465ee728b)
Start importing Assets/99 Resource/JMO Assets/Cartoon FX (legacy)/Textures/CFX3_T_GlowStar.png using Guid(91d3d754c3f2ed742b805399cbbbe0e9) Importer(815301076,1909f56bfc062723c751e8b465ee728b)  -> (artifact id: 'de522c9541dd8ea8e032f2bc9d9f106e') in 0.020830 seconds 
========================================================================
Received Import Request.
  Time since last request: 0.000016 seconds.
  path: Assets/99 Resource/JMO Assets/Cartoon FX (legacy)/Textures/CFX3_T_Skull.png
  artifactKey: Guid(6c1c207199cd6d044858440b08f67726) Importer(815301076,1909f56bfc062723c751e8b465ee728b)
Start importing Assets/99 Resource/JMO Assets/Cartoon FX (legacy)/Textures/CFX3_T_Skull.png using Guid(6c1c207199cd6d044858440b08f67726) Importer(815301076,1909f56bfc062723c751e8b465ee728b)  -> (artifact id: '3c1c02f4e5be82614ac82b80b0d6c53e') in 0.019901 seconds 
========================================================================
Received Import Request.
  Time since last request: 0.000019 seconds.
  path: Assets/99 Resource/JMO Assets/Cartoon FX (legacy)/Textures/CFX3_T_SmokePuff.png
  artifactKey: Guid(aff991a95cb92204fa62dffc7e7b6ead) Importer(815301076,1909f56bfc062723c751e8b465ee728b)
Start importing Assets/99 Resource/JMO Assets/Cartoon FX (legacy)/Textures/CFX3_T_SmokePuff.png using Guid(aff991a95cb92204fa62dffc7e7b6ead) Importer(815301076,1909f56bfc062723c751e8b465ee728b)  -> (artifact id: '5578cfe5216712b51a85fac8a48f3610') in 0.014136 seconds 
========================================================================
Received Import Request.
  Time since last request: 0.000018 seconds.
  path: Assets/99 Resource/JMO Assets/Cartoon FX (legacy)/Textures/CFX3_T_Leaf.tga
  artifactKey: Guid(5fdc25eb8487e2548bd4bc27b7d11789) Importer(815301076,1909f56bfc062723c751e8b465ee728b)
Start importing Assets/99 Resource/JMO Assets/Cartoon FX (legacy)/Textures/CFX3_T_Leaf.tga using Guid(5fdc25eb8487e2548bd4bc27b7d11789) Importer(815301076,1909f56bfc062723c751e8b465ee728b)  -> (artifact id: '7efbff297353956368b48711ae85bcf1') in 0.017161 seconds 
========================================================================
Received Import Request.
  Time since last request: 0.527459 seconds.
  path: Assets/99 Resource/JMO Assets/Cartoon FX (legacy)/Textures/CFX4_T_BubbleSubtle A8.png
  artifactKey: Guid(2b1e7eedd7ee0e84495e702c91bc240a) Importer(815301076,1909f56bfc062723c751e8b465ee728b)
Start importing Assets/99 Resource/JMO Assets/Cartoon FX (legacy)/Textures/CFX4_T_BubbleSubtle A8.png using Guid(2b1e7eedd7ee0e84495e702c91bc240a) Importer(815301076,1909f56bfc062723c751e8b465ee728b)  -> (artifact id: 'ee0da8831093487c5ddd4fac9cd1642b') in 0.085180 seconds 
========================================================================
Received Import Request.
  Time since last request: 0.000017 seconds.
  path: Assets/99 Resource/JMO Assets/Cartoon FX (legacy)/Textures/CFX4_T_Circle.png
  artifactKey: Guid(b6342c23be279ce4fa9ca506fb0b1b05) Importer(815301076,1909f56bfc062723c751e8b465ee728b)
Start importing Assets/99 Resource/JMO Assets/Cartoon FX (legacy)/Textures/CFX4_T_Circle.png using Guid(b6342c23be279ce4fa9ca506fb0b1b05) Importer(815301076,1909f56bfc062723c751e8b465ee728b)  -> (artifact id: '8da652345ba7089f75a997a6bd6ff230') in 0.020346 seconds 
========================================================================
Received Import Request.
  Time since last request: 0.000017 seconds.
  path: Assets/99 Resource/JMO Assets/Cartoon FX (legacy)/Textures/CFX_ElectricSparkle.png
  artifactKey: Guid(a070c34b838259a4eb4338c1c5b753b3) Importer(815301076,1909f56bfc062723c751e8b465ee728b)
Start importing Assets/99 Resource/JMO Assets/Cartoon FX (legacy)/Textures/CFX_ElectricSparkle.png using Guid(a070c34b838259a4eb4338c1c5b753b3) Importer(815301076,1909f56bfc062723c751e8b465ee728b)  -> (artifact id: '6e63f7872aedd95baded2b5038bebdae') in 0.023607 seconds 
========================================================================
Received Import Request.
  Time since last request: 0.000016 seconds.
  path: Assets/99 Resource/JMO Assets/Cartoon FX (legacy)/Textures/CFX_T_Anim8_Triangle2.png
  artifactKey: Guid(398da4b026da3fd4dbe04dfc2ba43f09) Importer(815301076,1909f56bfc062723c751e8b465ee728b)
Start importing Assets/99 Resource/JMO Assets/Cartoon FX (legacy)/Textures/CFX_T_Anim8_Triangle2.png using Guid(398da4b026da3fd4dbe04dfc2ba43f09) Importer(815301076,1909f56bfc062723c751e8b465ee728b)  -> (artifact id: 'c4d56632815af254bf14d68334a7a000') in 0.078985 seconds 
========================================================================
Received Import Request.
  Time since last request: 0.000019 seconds.
  path: Assets/99 Resource/JMO Assets/Cartoon FX (legacy)/Textures/CFX_T_Ray.png
  artifactKey: Guid(2a23c90b6f28bf849a5ac28e2e9e6e41) Importer(815301076,1909f56bfc062723c751e8b465ee728b)
Start importing Assets/99 Resource/JMO Assets/Cartoon FX (legacy)/Textures/CFX_T_Ray.png using Guid(2a23c90b6f28bf849a5ac28e2e9e6e41) Importer(815301076,1909f56bfc062723c751e8b465ee728b)  -> (artifact id: '42fef6855259884ca6c10dab9b93c67d') in 0.023915 seconds 
========================================================================
Received Import Request.
  Time since last request: 0.000027 seconds.
  path: Assets/99 Resource/JMO Assets/Cartoon FX (legacy)/Textures/CFX_T_Anim4_Triangle3.png
  artifactKey: Guid(7fb1264fc225cf94bbc9edf9ad2b1020) Importer(815301076,1909f56bfc062723c751e8b465ee728b)
Start importing Assets/99 Resource/JMO Assets/Cartoon FX (legacy)/Textures/CFX_T_Anim4_Triangle3.png using Guid(7fb1264fc225cf94bbc9edf9ad2b1020) Importer(815301076,1909f56bfc062723c751e8b465ee728b)  -> (artifact id: '8263a272da54779358f1fe30d47a4ff4') in 0.016806 seconds 
========================================================================
Received Import Request.
  Time since last request: 0.000019 seconds.
  path: Assets/99 Resource/JMO Assets/Cartoon FX (legacy)/Textures/CFX4_T_SmokePuff AB.png
  artifactKey: Guid(c6706155351f6f64cb72882fdc1ca251) Importer(815301076,1909f56bfc062723c751e8b465ee728b)
Start importing Assets/99 Resource/JMO Assets/Cartoon FX (legacy)/Textures/CFX4_T_SmokePuff AB.png using Guid(c6706155351f6f64cb72882fdc1ca251) Importer(815301076,1909f56bfc062723c751e8b465ee728b)  -> (artifact id: '5115b9802f7547fbd0b97b5ecac3eeeb') in 0.026875 seconds 
========================================================================
Received Import Request.
  Time since last request: 0.000018 seconds.
  path: Assets/99 Resource/JMO Assets/Cartoon FX (legacy)/Textures/CFX4_T_FireSoft RGB.png
  artifactKey: Guid(4590452e6e05a624c98b4f931f719e56) Importer(815301076,1909f56bfc062723c751e8b465ee728b)
Start importing Assets/99 Resource/JMO Assets/Cartoon FX (legacy)/Textures/CFX4_T_FireSoft RGB.png using Guid(4590452e6e05a624c98b4f931f719e56) Importer(815301076,1909f56bfc062723c751e8b465ee728b)  -> (artifact id: '19317a10fc107c25cc7dbf24cd98e20e') in 0.013330 seconds 
========================================================================
Received Import Request.
  Time since last request: 0.018738 seconds.
  path: Assets/99 Resource/JMO Assets/Cartoon FX (legacy)/Textures/CFX_T_SpacedSpike.png
  artifactKey: Guid(ebbcc38b2a5a365429d42c1e4c7ebf21) Importer(815301076,1909f56bfc062723c751e8b465ee728b)
Start importing Assets/99 Resource/JMO Assets/Cartoon FX (legacy)/Textures/CFX_T_SpacedSpike.png using Guid(ebbcc38b2a5a365429d42c1e4c7ebf21) Importer(815301076,1909f56bfc062723c751e8b465ee728b)  -> (artifact id: '1ad1138567868df26bf2b12216976f09') in 0.011154 seconds 
========================================================================
Received Import Request.
  Time since last request: 0.000019 seconds.
  path: Assets/99 Resource/JMO Assets/Cartoon FX (legacy)/Textures/CFX_T_Text_HitRandom.tga
  artifactKey: Guid(e4c04f362fa1cc84dbf21d831431e501) Importer(815301076,1909f56bfc062723c751e8b465ee728b)
Start importing Assets/99 Resource/JMO Assets/Cartoon FX (legacy)/Textures/CFX_T_Text_HitRandom.tga using Guid(e4c04f362fa1cc84dbf21d831431e501) Importer(815301076,1909f56bfc062723c751e8b465ee728b)  -> (artifact id: '9710922eb584071a1b8579ca1bef97e8') in 0.014120 seconds 
========================================================================
Received Import Request.
  Time since last request: 0.000031 seconds.
  path: Assets/99 Resource/JMO Assets/Cartoon FX (legacy)/Textures/CFX_T_Star.tga
  artifactKey: Guid(95b22be2b746dff46a95032d1620aae1) Importer(815301076,1909f56bfc062723c751e8b465ee728b)
Start importing Assets/99 Resource/JMO Assets/Cartoon FX (legacy)/Textures/CFX_T_Star.tga using Guid(95b22be2b746dff46a95032d1620aae1) Importer(815301076,1909f56bfc062723c751e8b465ee728b)  -> (artifact id: 'd3676ed9d76a294d0c5e65bf415229ed') in 0.012787 seconds 
========================================================================
Received Import Request.
  Time since last request: 0.014917 seconds.
  path: Assets/99 Resource/JMO Assets/Cartoon FX (legacy)/Textures/CFX_T_Text_Woooshh.tga
  artifactKey: Guid(56c9748d4851c9c4bb6455c3c135618a) Importer(815301076,1909f56bfc062723c751e8b465ee728b)
Start importing Assets/99 Resource/JMO Assets/Cartoon FX (legacy)/Textures/CFX_T_Text_Woooshh.tga using Guid(56c9748d4851c9c4bb6455c3c135618a) Importer(815301076,1909f56bfc062723c751e8b465ee728b)  -> (artifact id: '594a5722aea3f7e122c07c00b5369279') in 0.015199 seconds 
========================================================================
Received Import Request.
  Time since last request: 0.000016 seconds.
  path: Assets/99 Resource/JMO Assets/Cartoon FX (legacy)/Textures/CFX_T_Text_Zap.tga
  artifactKey: Guid(46b730a4e94830e4c8c03be7abefe890) Importer(815301076,1909f56bfc062723c751e8b465ee728b)
Start importing Assets/99 Resource/JMO Assets/Cartoon FX (legacy)/Textures/CFX_T_Text_Zap.tga using Guid(46b730a4e94830e4c8c03be7abefe890) Importer(815301076,1909f56bfc062723c751e8b465ee728b)  -> (artifact id: '5dc8f1ed9c715b68d86d5359f8481111') in 0.013521 seconds 
Editor requested this worker to shutdown with reason: Scaling down because of idle timeout
AssetImportWorker is now disconnected from the server
Process exiting
Exiting without the bug reporter. Application will terminate with return code 0